18:40:06.766 DEBUG Horse - Создание Horse, имя Bucephalus, скорость 2.4
18:40:06.768 DEBUG Horse - Создание Horse, имя Ace of Spades, скорость 2.5
18:40:06.768 DEBUG Horse - Создание Horse, имя Zephyr, скорость 2.6
18:40:06.768 DEBUG Horse - Создание Horse, имя Blaze, скорость 2.7
18:40:06.768 DEBUG Horse - Создание Horse, имя Lobster, скорость 2.8
18:40:06.768 DEBUG Horse - Создание Horse, имя Pegasus, скорость 2.9
18:40:06.768 DEBUG Horse - Создание Horse, имя Cherry, скорость 3.0
18:40:06.769 DEBUG Hippodrome - Создание Hippodrome, лошадей 7
18:40:06.769 INFO  Main - Начало скачек. Количество участников: 7
18:40:07.596 INFO  Main - Окончание скачек. Победитель: Zephyr
18:41:32.432 DEBUG Horse - Создание Horse, имя 0, скорость 0.0
18:41:32.435 DEBUG Horse - Создание Horse, имя 1, скорость 1.0
18:41:32.435 DEBUG Horse - Создание Horse, имя 2, скорость 2.0
18:41:32.435 DEBUG Horse - Создание Horse, имя 3, скорость 3.0
18:41:32.435 DEBUG Horse - Создание Horse, имя 4, скорость 4.0
18:41:32.435 DEBUG Horse - Создание Horse, имя 5, скорость 5.0
18:41:32.435 DEBUG Horse - Создание Horse, имя 6, скорость 6.0
18:41:32.435 DEBUG Horse - Создание Horse, имя 7, скорость 7.0
18:41:32.435 DEBUG Horse - Создание Horse, имя 8, скорость 8.0
18:41:32.435 DEBUG Horse - Создание Horse, имя 9, скорость 9.0
18:41:32.436 DEBUG Horse - Создание Horse, имя 10, скорость 10.0
18:41:32.436 DEBUG Horse - Создание Horse, имя 11, скорость 11.0
18:41:32.436 DEBUG Horse - Создание Horse, имя 12, скорость 12.0
18:41:32.436 DEBUG Horse - Создание Horse, имя 13, скорость 13.0
18:41:32.436 DEBUG Horse - Создание Horse, имя 14, скорость 14.0
18:41:32.436 DEBUG Horse - Создание Horse, имя 15, скорость 15.0
18:41:32.436 DEBUG Horse - Создание Horse, имя 16, скорость 16.0
18:41:32.436 DEBUG Horse - Создание Horse, имя 17, скорость 17.0
18:41:32.436 DEBUG Horse - Создание Horse, имя 18, скорость 18.0
18:41:32.436 DEBUG Horse - Создание Horse, имя 19, скорость 19.0
18:41:32.436 DEBUG Horse - Создание Horse, имя 20, скорость 20.0
18:41:32.436 DEBUG Horse - Создание Horse, имя 21, скорость 21.0
18:41:32.436 DEBUG Horse - Создание Horse, имя 22, скорость 22.0
18:41:32.437 DEBUG Horse - Создание Horse, имя 23, скорость 23.0
18:41:32.437 DEBUG Horse - Создание Horse, имя 24, скорость 24.0
18:41:32.437 DEBUG Horse - Создание Horse, имя 25, скорость 25.0
18:41:32.437 DEBUG Horse - Создание Horse, имя 26, скорость 26.0
18:41:32.437 DEBUG Horse - Создание Horse, имя 27, скорость 27.0
18:41:32.437 DEBUG Horse - Создание Horse, имя 28, скорость 28.0
18:41:32.437 DEBUG Horse - Создание Horse, имя 29, скорость 29.0
18:41:32.438 DEBUG Hippodrome - Создание Hippodrome, лошадей 30
18:41:32.468 DEBUG Horse - Создание Horse, имя 0, скорость 0.0
18:41:32.468 DEBUG Horse - Создание Horse, имя 1, скорость 1.0
18:41:32.468 DEBUG Horse - Создание Horse, имя 2, скорость 2.0
18:41:32.468 DEBUG Horse - Создание Horse, имя 3, скорость 3.0
18:41:32.468 DEBUG Horse - Создание Horse, имя 4, скорость 4.0
18:41:32.468 DEBUG Hippodrome - Создание Hippodrome, лошадей 5
18:41:32.474 ERROR Hippodrome - Horses list is empty
18:41:32.478 ERROR Hippodrome - Horses list is null
18:41:32.638 DEBUG Hippodrome - Создание Hippodrome, лошадей 50
18:41:32.792 ERROR Horse - Name is null
18:41:32.798 DEBUG Horse - Создание Horse, имя horse, скорость 2.0
18:41:32.808 DEBUG Horse - Создание Horse, имя horse, скорость 2.0
18:41:32.812 ERROR Horse - Distance is negative
18:41:32.816 DEBUG Horse - Создание Horse, имя horse, скорость 2.0
18:41:32.819 DEBUG Horse - Создание Horse, имя horse, скорость 2.0
18:41:32.990 DEBUG Horse - Создание Horse, имя horse, скорость 1.0
18:41:33.017 DEBUG Horse - Создание Horse, имя horse, скорость 2.0
18:41:33.025 DEBUG Horse - Создание Horse, имя horse, скорость 5.0
18:41:33.039 ERROR Horse - Name is blank
18:41:33.046 ERROR Horse - Name is blank
18:41:33.052 ERROR Horse - Name is blank
18:41:33.057 ERROR Horse - Name is blank
18:41:33.063 ERROR Horse - Name is blank
18:41:33.067 ERROR Horse - Name is blank
18:41:33.072 DEBUG Horse - Создание Horse, имя horse, скорость 2.0
18:41:33.077 ERROR Horse - Speed is negative
